2017-09-05 20:10:55,937 [main] FATAL ui.AVRSim - Encountered fatal error...
parse.ParseException: [0,0] Fatal parsing error
	at parse.sim_inst.report_fatal_error(sim_inst.java:616)
	at parse.sim_inst.unrecovered_syntax_error(sim_inst.java:607)
	at java_cup.runtime.lr_parser.parse(lr_parser.java:616)
	at parse.ReadAssem.getProgram(ReadAssem.java:37)
	at ui.AVRSim.loadAssemFile(AVRSim.java:67)
	at ui.AVRSim.run(AVRSim.java:76)
	at ui.Main.main(Main.java:134)
	at sun.reflect.NativeMethodAccessorImpl.invoke0(Native Method)
	at sun.reflect.NativeMethodAccessorImpl.invoke(NativeMethodAccessorImpl.java:62)
	at sun.reflect.DelegatingMethodAccessorImpl.invoke(DelegatingMethodAccessorImpl.java:43)
	at java.lang.reflect.Method.invoke(Method.java:498)
	at com.simontuffs.onejar.Boot.run(Boot.java:340)
	at com.simontuffs.onejar.Boot.main(Boot.java:166)
2017-09-05 20:11:21,175 [main] FATAL ui.AVRSim - Encountered fatal error...
parse.ParseException: [0,0] Fatal parsing error
	at parse.sim_inst.report_fatal_error(sim_inst.java:616)
	at parse.sim_inst.unrecovered_syntax_error(sim_inst.java:607)
	at java_cup.runtime.lr_parser.parse(lr_parser.java:616)
	at parse.ReadAssem.getProgram(ReadAssem.java:37)
	at ui.AVRSim.loadAssemFile(AVRSim.java:67)
	at ui.AVRSim.run(AVRSim.java:76)
	at ui.Main.main(Main.java:134)
	at sun.reflect.NativeMethodAccessorImpl.invoke0(Native Method)
	at sun.reflect.NativeMethodAccessorImpl.invoke(NativeMethodAccessorImpl.java:62)
	at sun.reflect.DelegatingMethodAccessorImpl.invoke(DelegatingMethodAccessorImpl.java:43)
	at java.lang.reflect.Method.invoke(Method.java:498)
	at com.simontuffs.onejar.Boot.run(Boot.java:340)
	at com.simontuffs.onejar.Boot.main(Boot.java:166)
2017-09-05 20:11:48,445 [main] FATAL ui.AVRSim - Encountered fatal error...
parse.ParseException: [0,0] Fatal parsing error
	at parse.sim_inst.report_fatal_error(sim_inst.java:616)
	at parse.sim_inst.unrecovered_syntax_error(sim_inst.java:607)
	at java_cup.runtime.lr_parser.parse(lr_parser.java:616)
	at parse.ReadAssem.getProgram(ReadAssem.java:37)
	at ui.AVRSim.loadAssemFile(AVRSim.java:67)
	at ui.AVRSim.run(AVRSim.java:76)
	at ui.Main.main(Main.java:134)
	at sun.reflect.NativeMethodAccessorImpl.invoke0(Native Method)
	at sun.reflect.NativeMethodAccessorImpl.invoke(NativeMethodAccessorImpl.java:62)
	at sun.reflect.DelegatingMethodAccessorImpl.invoke(DelegatingMethodAccessorImpl.java:43)
	at java.lang.reflect.Method.invoke(Method.java:498)
	at com.simontuffs.onejar.Boot.run(Boot.java:340)
	at com.simontuffs.onejar.Boot.main(Boot.java:166)
2017-09-05 20:12:01,029 [main] FATAL ui.AVRSim - Encountered fatal error...
parse.ParseException: [12,2] Fatal parsing error
	at parse.sim_inst.report_fatal_error(sim_inst.java:616)
	at parse.sim_inst.unrecovered_syntax_error(sim_inst.java:607)
	at java_cup.runtime.lr_parser.parse(lr_parser.java:616)
	at parse.ReadAssem.getProgram(ReadAssem.java:37)
	at ui.AVRSim.loadAssemFile(AVRSim.java:67)
	at ui.AVRSim.run(AVRSim.java:76)
	at ui.Main.main(Main.java:134)
	at sun.reflect.NativeMethodAccessorImpl.invoke0(Native Method)
	at sun.reflect.NativeMethodAccessorImpl.invoke(NativeMethodAccessorImpl.java:62)
	at sun.reflect.DelegatingMethodAccessorImpl.invoke(DelegatingMethodAccessorImpl.java:43)
	at java.lang.reflect.Method.invoke(Method.java:498)
	at com.simontuffs.onejar.Boot.run(Boot.java:340)
	at com.simontuffs.onejar.Boot.main(Boot.java:166)
2017-09-05 20:13:02,649 [main] FATAL ui.AVRSim - Encountered fatal error...
parse.ParseException: [12,2] Fatal parsing error
	at parse.sim_inst.report_fatal_error(sim_inst.java:616)
	at parse.sim_inst.unrecovered_syntax_error(sim_inst.java:607)
	at java_cup.runtime.lr_parser.parse(lr_parser.java:616)
	at parse.ReadAssem.getProgram(ReadAssem.java:37)
	at ui.AVRSim.loadAssemFile(AVRSim.java:67)
	at ui.AVRSim.run(AVRSim.java:76)
	at ui.Main.main(Main.java:134)
	at sun.reflect.NativeMethodAccessorImpl.invoke0(Native Method)
	at sun.reflect.NativeMethodAccessorImpl.invoke(NativeMethodAccessorImpl.java:62)
	at sun.reflect.DelegatingMethodAccessorImpl.invoke(DelegatingMethodAccessorImpl.java:43)
	at java.lang.reflect.Method.invoke(Method.java:498)
	at com.simontuffs.onejar.Boot.run(Boot.java:340)
	at com.simontuffs.onejar.Boot.main(Boot.java:166)
2017-09-05 20:13:28,400 [main] FATAL ui.Main - Assembly File passed in does not exist.
2017-09-05 20:13:58,793 [main] FATAL ui.AVRSim - Encountered fatal error...
parse.ParseException: [12,2] Fatal parsing error
	at parse.sim_inst.report_fatal_error(sim_inst.java:616)
	at parse.sim_inst.unrecovered_syntax_error(sim_inst.java:607)
	at java_cup.runtime.lr_parser.parse(lr_parser.java:616)
	at parse.ReadAssem.getProgram(ReadAssem.java:37)
	at ui.AVRSim.loadAssemFile(AVRSim.java:67)
	at ui.AVRSim.run(AVRSim.java:76)
	at ui.Main.main(Main.java:134)
	at sun.reflect.NativeMethodAccessorImpl.invoke0(Native Method)
	at sun.reflect.NativeMethodAccessorImpl.invoke(NativeMethodAccessorImpl.java:62)
	at sun.reflect.DelegatingMethodAccessorImpl.invoke(DelegatingMethodAccessorImpl.java:43)
	at java.lang.reflect.Method.invoke(Method.java:498)
	at com.simontuffs.onejar.Boot.run(Boot.java:340)
	at com.simontuffs.onejar.Boot.main(Boot.java:166)
2017-09-05 20:17:16,109 [main] FATAL ui.Main - Assembly File passed in does not exist.
2017-09-09 12:43:04,669 [main] FATAL ui.AVRSim - Encountered fatal error...
parse.ParseException: [6,1] Fatal parsing error
	at parse.sim_inst.report_fatal_error(sim_inst.java:616)
	at parse.sim_inst.unrecovered_syntax_error(sim_inst.java:607)
	at java_cup.runtime.lr_parser.parse(lr_parser.java:616)
	at parse.ReadAssem.getProgram(ReadAssem.java:37)
	at ui.AVRSim.loadAssemFile(AVRSim.java:67)
	at ui.AVRSim.run(AVRSim.java:76)
	at ui.Main.main(Main.java:134)
	at sun.reflect.NativeMethodAccessorImpl.invoke0(Native Method)
	at sun.reflect.NativeMethodAccessorImpl.invoke(NativeMethodAccessorImpl.java:62)
	at sun.reflect.DelegatingMethodAccessorImpl.invoke(DelegatingMethodAccessorImpl.java:43)
	at java.lang.reflect.Method.invoke(Method.java:498)
	at com.simontuffs.onejar.Boot.run(Boot.java:340)
	at com.simontuffs.onejar.Boot.main(Boot.java:166)
2017-09-09 12:47:35,321 [main] FATAL ui.AVRSim - Encountered fatal error...
parse.ParseException: [13,1] Fatal parsing error
	at parse.sim_inst.report_fatal_error(sim_inst.java:616)
	at parse.sim_inst.unrecovered_syntax_error(sim_inst.java:607)
	at java_cup.runtime.lr_parser.parse(lr_parser.java:616)
	at parse.ReadAssem.getProgram(ReadAssem.java:37)
	at ui.AVRSim.loadAssemFile(AVRSim.java:67)
	at ui.AVRSim.run(AVRSim.java:76)
	at ui.Main.main(Main.java:134)
	at sun.reflect.NativeMethodAccessorImpl.invoke0(Native Method)
	at sun.reflect.NativeMethodAccessorImpl.invoke(NativeMethodAccessorImpl.java:62)
	at sun.reflect.DelegatingMethodAccessorImpl.invoke(DelegatingMethodAccessorImpl.java:43)
	at java.lang.reflect.Method.invoke(Method.java:498)
	at com.simontuffs.onejar.Boot.run(Boot.java:340)
	at com.simontuffs.onejar.Boot.main(Boot.java:166)
2017-09-09 12:48:04,845 [main] FATAL ui.AVRSim - Encountered fatal error...
parse.ParseException: [13,1] Fatal parsing error
	at parse.sim_inst.report_fatal_error(sim_inst.java:616)
	at parse.sim_inst.unrecovered_syntax_error(sim_inst.java:607)
	at java_cup.runtime.lr_parser.parse(lr_parser.java:616)
	at parse.ReadAssem.getProgram(ReadAssem.java:37)
	at ui.AVRSim.loadAssemFile(AVRSim.java:67)
	at ui.AVRSim.run(AVRSim.java:76)
	at ui.Main.main(Main.java:134)
	at sun.reflect.NativeMethodAccessorImpl.invoke0(Native Method)
	at sun.reflect.NativeMethodAccessorImpl.invoke(NativeMethodAccessorImpl.java:62)
	at sun.reflect.DelegatingMethodAccessorImpl.invoke(DelegatingMethodAccessorImpl.java:43)
	at java.lang.reflect.Method.invoke(Method.java:498)
	at com.simontuffs.onejar.Boot.run(Boot.java:340)
	at com.simontuffs.onejar.Boot.main(Boot.java:166)
2017-09-09 12:48:57,067 [main] FATAL ui.AVRSim - Encountered fatal error...
java.lang.NullPointerException
	at parse.ReadAssem.getProgram(ReadAssem.java:37)
	at ui.AVRSim.loadAssemFile(AVRSim.java:67)
	at ui.AVRSim.run(AVRSim.java:76)
	at ui.Main.main(Main.java:134)
	at sun.reflect.NativeMethodAccessorImpl.invoke0(Native Method)
	at sun.reflect.NativeMethodAccessorImpl.invoke(NativeMethodAccessorImpl.java:62)
	at sun.reflect.DelegatingMethodAccessorImpl.invoke(DelegatingMethodAccessorImpl.java:43)
	at java.lang.reflect.Method.invoke(Method.java:498)
	at com.simontuffs.onejar.Boot.run(Boot.java:340)
	at com.simontuffs.onejar.Boot.main(Boot.java:166)
2017-09-09 12:49:33,063 [main] FATAL ui.AVRSim - Encountered fatal error...
java.lang.NullPointerException
	at parse.ReadAssem.getProgram(ReadAssem.java:37)
	at ui.AVRSim.loadAssemFile(AVRSim.java:67)
	at ui.AVRSim.run(AVRSim.java:76)
	at ui.Main.main(Main.java:134)
	at sun.reflect.NativeMethodAccessorImpl.invoke0(Native Method)
	at sun.reflect.NativeMethodAccessorImpl.invoke(NativeMethodAccessorImpl.java:62)
	at sun.reflect.DelegatingMethodAccessorImpl.invoke(DelegatingMethodAccessorImpl.java:43)
	at java.lang.reflect.Method.invoke(Method.java:498)
	at com.simontuffs.onejar.Boot.run(Boot.java:340)
	at com.simontuffs.onejar.Boot.main(Boot.java:166)
2017-09-09 12:51:47,277 [main] FATAL ui.AVRSim - Encountered fatal error...
parse.ParseException: [0,27] Fatal parsing error
	at parse.sim_inst.report_fatal_error(sim_inst.java:616)
	at parse.sim_inst.unrecovered_syntax_error(sim_inst.java:607)
	at java_cup.runtime.lr_parser.parse(lr_parser.java:616)
	at parse.ReadAssem.getProgram(ReadAssem.java:37)
	at ui.AVRSim.loadAssemFile(AVRSim.java:67)
	at ui.AVRSim.run(AVRSim.java:76)
	at ui.Main.main(Main.java:134)
	at sun.reflect.NativeMethodAccessorImpl.invoke0(Native Method)
	at sun.reflect.NativeMethodAccessorImpl.invoke(NativeMethodAccessorImpl.java:62)
	at sun.reflect.DelegatingMethodAccessorImpl.invoke(DelegatingMethodAccessorImpl.java:43)
	at java.lang.reflect.Method.invoke(Method.java:498)
	at com.simontuffs.onejar.Boot.run(Boot.java:340)
	at com.simontuffs.onejar.Boot.main(Boot.java:166)
2017-09-09 12:51:54,847 [main] FATAL ui.AVRSim - Encountered fatal error...
parse.ParseException: [0,25] Fatal parsing error
	at parse.sim_inst.report_fatal_error(sim_inst.java:616)
	at parse.sim_inst.unrecovered_syntax_error(sim_inst.java:607)
	at java_cup.runtime.lr_parser.parse(lr_parser.java:616)
	at parse.ReadAssem.getProgram(ReadAssem.java:37)
	at ui.AVRSim.loadAssemFile(AVRSim.java:67)
	at ui.AVRSim.run(AVRSim.java:76)
	at ui.Main.main(Main.java:134)
	at sun.reflect.NativeMethodAccessorImpl.invoke0(Native Method)
	at sun.reflect.NativeMethodAccessorImpl.invoke(NativeMethodAccessorImpl.java:62)
	at sun.reflect.DelegatingMethodAccessorImpl.invoke(DelegatingMethodAccessorImpl.java:43)
	at java.lang.reflect.Method.invoke(Method.java:498)
	at com.simontuffs.onejar.Boot.run(Boot.java:340)
	at com.simontuffs.onejar.Boot.main(Boot.java:166)
2017-09-09 12:52:11,345 [main] FATAL ui.AVRSim - Encountered fatal error...
parse.ParseException: [0,26] Fatal parsing error
	at parse.sim_inst.report_fatal_error(sim_inst.java:616)
	at parse.sim_inst.unrecovered_syntax_error(sim_inst.java:607)
	at java_cup.runtime.lr_parser.parse(lr_parser.java:616)
	at parse.ReadAssem.getProgram(ReadAssem.java:37)
	at ui.AVRSim.loadAssemFile(AVRSim.java:67)
	at ui.AVRSim.run(AVRSim.java:76)
	at ui.Main.main(Main.java:134)
	at sun.reflect.NativeMethodAccessorImpl.invoke0(Native Method)
	at sun.reflect.NativeMethodAccessorImpl.invoke(NativeMethodAccessorImpl.java:62)
	at sun.reflect.DelegatingMethodAccessorImpl.invoke(DelegatingMethodAccessorImpl.java:43)
	at java.lang.reflect.Method.invoke(Method.java:498)
	at com.simontuffs.onejar.Boot.run(Boot.java:340)
	at com.simontuffs.onejar.Boot.main(Boot.java:166)
